1537510566502	mozrunner::runner	INFO	Running command: "/Applications/Firefox.app/Contents/MacOS/firefox-bin" "-marionette" "-foreground" "-no-remote" "-profile" "/var/folders/1d/w7rtgx4n3ng8t6ftd6pw0n6h0000gp/T/rust_mozprofile.cMYCC4GBakVi"
2018-09-21 14:16:08.098 plugin-container[5502:856190] *** CFMessagePort: bootstrap_register(): failed 1100 (0x44c) 'Permission denied', port = 0x8303, name = 'com.apple.tsm.portname'
See /usr/include/servers/bootstrap_defs.h for the error codes.
2018-09-21 14:16:08.490 plugin-container[5503:856213] *** CFMessagePort: bootstrap_register(): failed 1100 (0x44c) 'Permission denied', port = 0x7a3f, name = 'com.apple.tsm.portname'
See /usr/include/servers/bootstrap_defs.h for the error codes.
1537510569007	Marionette	INFO	Listening on port 53180
1537510569090	Marionette	WARN	TLS certificate errors will be ignored for this session
1537510569150	Marionette	DEBUG	[4294967297] Frame script loaded
1537510569151	Marionette	DEBUG	[4294967297] Frame script registered
2018-09-21 14:16:09.669 plugin-container[5504:856319] *** CFMessagePort: bootstrap_register(): failed 1100 (0x44c) 'Permission denied', port = 0x8a43, name = 'com.apple.tsm.portname'
See /usr/include/servers/bootstrap_defs.h for the error codes.
1537511423292	mozrunner::runner	INFO	Running command: "/Applications/Firefox.app/Contents/MacOS/firefox-bin" "-marionette" "-foreground" "-no-remote" "-profile" "/var/folders/1d/w7rtgx4n3ng8t6ftd6pw0n6h0000gp/T/rust_mozprofile.VLIu0O0KhTjn"
1537511423596	addons.manager	DEBUG	Application has been upgraded
1537511423608	addons.manager	DEBUG	Loaded provider scope for resource://gre/modules/addons/XPIProvider.jsm: ["XPIProvider", "XPIInternal"]
1537511423611	addons.manager	DEBUG	Loaded provider scope for resource://gre/modules/LightweightThemeManager.jsm: ["LightweightThemeManager"]
1537511423630	addons.manager	DEBUG	Loaded provider scope for resource://gre/modules/addons/GMPProvider.jsm
1537511423632	addons.manager	DEBUG	Loaded provider scope for resource://gre/modules/addons/PluginProvider.jsm
1537511423632	addons.manager	DEBUG	Starting provider: XPIProvider
1537511423633	addons.xpi	DEBUG	startup
1537511423634	addons.xpi	INFO	SystemAddonLocation directory is missing
1537511423643	addons.xpi	INFO	Removing all system add-on upgrades.
1537511423643	addons.xpi	DEBUG	checkForChanges
1537511423644	addons.xpi	DEBUG	Loaded add-on state: ${}
1537511423645	addons.xpi	DEBUG	New add-on activity-stream@mozilla.org in app-system-defaults
1537511423646	addons.xpi	DEBUG	New add-on aushelper@mozilla.org in app-system-defaults
1537511423647	addons.xpi	DEBUG	New add-on firefox@getpocket.com in app-system-defaults
1537511423647	addons.xpi	DEBUG	New add-on formautofill@mozilla.org in app-system-defaults
1537511423648	addons.xpi	DEBUG	New add-on onboarding@mozilla.org in app-system-defaults
1537511423648	addons.xpi	DEBUG	New add-on screenshots@mozilla.org in app-system-defaults
1537511423649	addons.xpi	DEBUG	New add-on webcompat-reporter@mozilla.org in app-system-defaults
1537511423649	addons.xpi	DEBUG	New add-on webcompat@mozilla.org in app-system-defaults
1537511423650	addons.xpi	DEBUG	scanForChanges changed: true, state: {}
1537511423656	addons.xpi-utils	DEBUG	Error: Synchronously loading the add-ons database (resource://gre/modules/addons/XPIDatabase.jsm:1329:15) JS Stack trace: syncLoadDB@XPIDatabase.jsm:1329:15
checkForChanges@XPIProvider.jsm:2533:9
startup@XPIProvider.jsm:2116:25
callProvider@AddonManager.jsm:206:12
_startProvider@AddonManager.jsm:654:5
startup@AddonManager.jsm:813:9
startup@AddonManager.jsm:2811:5
observe@addonManager.js:66:9
1537511423657	addons.xpi-utils	DEBUG	Starting async load of XPI database /var/folders/1d/w7rtgx4n3ng8t6ftd6pw0n6h0000gp/T/rust_mozprofile.VLIu0O0KhTjn/extensions.json
1537511424137	addons.xpi-utils	DEBUG	New add-on activity-stream@mozilla.org installed in app-system-defaults
*** Blocklist::_preloadBlocklistFile: blocklist is disabled
1537511424166	addons.xpi-utils	DEBUG	New add-on aushelper@mozilla.org installed in app-system-defaults
1537511424175	addons.xpi-utils	DEBUG	New add-on firefox@getpocket.com installed in app-system-defaults
1537511424179	addons.xpi-utils	DEBUG	New add-on formautofill@mozilla.org installed in app-system-defaults
1537511424183	addons.xpi-utils	DEBUG	New add-on onboarding@mozilla.org installed in app-system-defaults
1537511424186	addons.xpi-utils	DEBUG	New add-on screenshots@mozilla.org installed in app-system-defaults
1537511424190	addons.xpi-utils	DEBUG	New add-on webcompat-reporter@mozilla.org installed in app-system-defaults
1537511424195	addons.xpi-utils	DEBUG	New add-on webcompat@mozilla.org installed in app-system-defaults
1537511424196	addons.xpi-utils	DEBUG	XPI Database saved, setting schema version preference to 27
1537511424315	addons.manager	DEBUG	Registering startup change 'installed' for activity-stream@mozilla.org
1537511424319	addons.xpi	DEBUG	Loading bootstrap scope from /Applications/Firefox.app/Contents/Resources/browser/features/activity-stream@mozilla.org.xpi
1537511424321	addons.xpi	DEBUG	Calling bootstrap method install on activity-stream@mozilla.org version 2018.08.22.1219-93becf29
1537511424322	addons.xpi-utils	DEBUG	Make addon app-system-defaults:activity-stream@mozilla.org visible
1537511424322	addons.xpi	DEBUG	Updating XPIState for {"id":"activity-stream@mozilla.org","syncGUID":"{09530eaf-fc55-8743-822a-b4b2c19ef07b}","version":"2018.08.22.1219-93becf29","type":"extension","defaultLocale":{"name":"Activity Stream","description":"A rich visual history feed and a reimagined home page make it easier than ever to find exactly what you're looking for in Firefox."},"visible":true,"active":false,"userDisabled":false,"appDisabled":false,"installDate":1535651417000,"updateDate":1535651417000,"applyBackgroundUpdates":1,"path":"/Applications/Firefox.app/Contents/Resources/browser/features/activity-stream@mozilla.org.xpi","skinnable":false,"sourceURI":null,"releaseNotesURI":null,"softDisabled":false,"foreignInstall":false,"strictCompatibility":false,"locales":[],"targetApplications":[{"id":"{ec8030f7-c20a-464f-9b0e-13a3a9e97384}","minVersion":"62.0","maxVersion":"62.*"}],"targetPlatforms":[],"seen":true,"dependencies":[],"hasEmbeddedWebExtension":false,"userPermissions":null,"icons":{},"blocklistState":0,"blocklistURL":null,"startupData":null,"location":"app-system-defaults"}
1537511424322	addons.manager	DEBUG	Registering startup change 'installed' for aushelper@mozilla.org
1537511424323	addons.xpi	DEBUG	Loading bootstrap scope from /Applications/Firefox.app/Contents/Resources/browser/features/aushelper@mozilla.org.xpi
1537511424324	addons.xpi	DEBUG	Calling bootstrap method install on aushelper@mozilla.org version 2.0
1537511424324	addons.xpi-utils	DEBUG	Make addon app-system-defaults:aushelper@mozilla.org visible
1537511424324	addons.xpi	DEBUG	Updating XPIState for {"id":"aushelper@mozilla.org","syncGUID":"{b36af6a5-7c88-aa4e-9bb5-ec8a00c579b3}","version":"2.0","type":"extension","defaultLocale":{"name":"Application Update Service Helper","description":"Sets value(s) in the update url based on custom checks."},"visible":true,"active":false,"userDisabled":false,"appDisabled":false,"installDate":1535651417000,"updateDate":1535651417000,"applyBackgroundUpdates":1,"path":"/Applications/Firefox.app/Contents/Resources/browser/features/aushelper@mozilla.org.xpi","skinnable":false,"sourceURI":null,"releaseNotesURI":null,"softDisabled":false,"foreignInstall":false,"strictCompatibility":false,"locales":[],"targetApplications":[{"id":"{ec8030f7-c20a-464f-9b0e-13a3a9e97384}","minVersion":"62.0","maxVersion":"62.*"}],"targetPlatforms":[],"seen":true,"dependencies":[],"hasEmbeddedWebExtension":false,"userPermissions":null,"icons":{},"blocklistState":0,"blocklistURL":null,"startupData":null,"location":"app-system-defaults"}
1537511424324	addons.manager	DEBUG	Registering startup change 'installed' for firefox@getpocket.com
1537511424324	addons.xpi	DEBUG	Loading bootstrap scope from /Applications/Firefox.app/Contents/Resources/browser/features/firefox@getpocket.com.xpi
1537511424328	addons.xpi	DEBUG	Calling bootstrap method install on firefox@getpocket.com version 1.0.5
1537511424329	addons.xpi-utils	DEBUG	Make addon app-system-defaults:firefox@getpocket.com visible
1537511424329	addons.xpi	DEBUG	Updating XPIState for {"id":"firefox@getpocket.com","syncGUID":"{b23729f7-06a4-f14c-9052-4288f31eb878}","version":"1.0.5","type":"extension","defaultLocale":{"name":"Pocket","description":"When you find something you want to view later, put it in Pocket."},"visible":true,"active":false,"userDisabled":false,"appDisabled":false,"installDate":1535651417000,"updateDate":1535651417000,"applyBackgroundUpdates":1,"path":"/Applications/Firefox.app/Contents/Resources/browser/features/firefox@getpocket.com.xpi","skinnable":false,"sourceURI":null,"releaseNotesURI":null,"softDisabled":false,"foreignInstall":false,"strictCompatibility":false,"locales":[],"targetApplications":[{"id":"{ec8030f7-c20a-464f-9b0e-13a3a9e97384}","minVersion":"62.0","maxVersion":"62.*"}],"targetPlatforms":[],"seen":true,"dependencies":[],"hasEmbeddedWebExtension":false,"userPermissions":null,"icons":{},"blocklistState":0,"blocklistURL":null,"startupData":null,"location":"app-system-defaults"}
1537511424329	addons.manager	DEBUG	Registering startup change 'installed' for formautofill@mozilla.org
1537511424329	addons.xpi	DEBUG	Loading bootstrap scope from /Applications/Firefox.app/Contents/Resources/browser/features/formautofill@mozilla.org.xpi
1537511424330	addons.xpi	DEBUG	Calling bootstrap method install on formautofill@mozilla.org version 1.0
1537511424330	addons.xpi-utils	DEBUG	Make addon app-system-defaults:formautofill@mozilla.org visible
1537511424331	addons.xpi	DEBUG	Updating XPIState for {"id":"formautofill@mozilla.org","syncGUID":"{2d900975-e05c-234f-b29e-f100fc52cd02}","version":"1.0","type":"extension","defaultLocale":{"name":"Form Autofill","description":"Autofill forms with saved profiles"},"visible":true,"active":false,"userDisabled":false,"appDisabled":false,"installDate":1535651417000,"updateDate":1535651417000,"applyBackgroundUpdates":1,"path":"/Applications/Firefox.app/Contents/Resources/browser/features/formautofill@mozilla.org.xpi","skinnable":false,"sourceURI":null,"releaseNotesURI":null,"softDisabled":false,"foreignInstall":false,"strictCompatibility":false,"locales":[],"targetApplications":[{"id":"{ec8030f7-c20a-464f-9b0e-13a3a9e97384}","minVersion":"62.0","maxVersion":"62.*"}],"targetPlatforms":[],"seen":true,"dependencies":[],"hasEmbeddedWebExtension":false,"userPermissions":null,"icons":{},"blocklistState":0,"blocklistURL":null,"startupData":null,"location":"app-system-defaults"}
1537511424331	addons.manager	DEBUG	Registering startup change 'installed' for onboarding@mozilla.org
1537511424331	addons.xpi	DEBUG	Loading bootstrap scope from /Applications/Firefox.app/Contents/Resources/browser/features/onboarding@mozilla.org.xpi
1537511424333	addons.xpi	DEBUG	Calling bootstrap method install on onboarding@mozilla.org version 1.0
1537511424333	addons.xpi-utils	DEBUG	Make addon app-system-defaults:onboarding@mozilla.org visible
1537511424333	addons.xpi	DEBUG	Updating XPIState for {"id":"onboarding@mozilla.org","syncGUID":"{45401e49-e2b1-5d4c-a7fa-5b6a273436a8}","version":"1.0","type":"extension","defaultLocale":{"name":"Photon onboarding","description":"Photon onboarding"},"visible":true,"active":false,"userDisabled":false,"appDisabled":false,"installDate":1535651418000,"updateDate":1535651418000,"applyBackgroundUpdates":1,"path":"/Applications/Firefox.app/Contents/Resources/browser/features/onboarding@mozilla.org.xpi","skinnable":false,"sourceURI":null,"releaseNotesURI":null,"softDisabled":false,"foreignInstall":false,"strictCompatibility":false,"locales":[],"targetApplications":[{"id":"{ec8030f7-c20a-464f-9b0e-13a3a9e97384}","minVersion":"62.0","maxVersion":"62.*"}],"targetPlatforms":[],"seen":true,"dependencies":[],"hasEmbeddedWebExtension":false,"userPermissions":null,"icons":{},"blocklistState":0,"blocklistURL":null,"startupData":null,"location":"app-system-defaults"}
1537511424333	addons.manager	DEBUG	Registering startup change 'installed' for screenshots@mozilla.org
1537511424333	addons.xpi	DEBUG	Loading bootstrap scope from /Applications/Firefox.app/Contents/Resources/browser/features/screenshots@mozilla.org.xpi
1537511424335	addons.xpi	DEBUG	Calling bootstrap method install on screenshots@mozilla.org version 33.0.0
1537511424335	addons.xpi-utils	DEBUG	Make addon app-system-defaults:screenshots@mozilla.org visible
1537511424335	addons.xpi	DEBUG	Updating XPIState for {"id":"screenshots@mozilla.org","syncGUID":"{02c2eb36-80d4-ce45-b8de-9ee4e9a5ff6d}","version":"33.0.0","type":"extension","defaultLocale":{"name":"Firefox Screenshots","homepageURL":"https://screenshots.firefox.com/"},"visible":true,"active":false,"userDisabled":false,"appDisabled":false,"installDate":1535651418000,"updateDate":1535651418000,"applyBackgroundUpdates":1,"path":"/Applications/Firefox.app/Contents/Resources/browser/features/screenshots@mozilla.org.xpi","skinnable":false,"sourceURI":null,"releaseNotesURI":null,"softDisabled":false,"foreignInstall":false,"strictCompatibility":false,"locales":[],"targetApplications":[{"id":"{ec8030f7-c20a-464f-9b0e-13a3a9e97384}","minVersion":"57.0a1","maxVersion":"*"}],"targetPlatforms":[],"seen":true,"dependencies":[],"hasEmbeddedWebExtension":false,"userPermissions":null,"icons":{},"blocklistState":0,"blocklistURL":null,"startupData":null,"location":"app-system-defaults"}
1537511424336	addons.manager	DEBUG	Registering startup change 'installed' for webcompat-reporter@mozilla.org
1537511424336	addons.xpi	DEBUG	Loading bootstrap scope from /Applications/Firefox.app/Contents/Resources/browser/features/webcompat-reporter@mozilla.org.xpi
1537511424337	addons.xpi	DEBUG	Calling bootstrap method install on webcompat-reporter@mozilla.org version 1.0.0
1537511424337	addons.xpi-utils	DEBUG	Make addon app-system-defaults:webcompat-reporter@mozilla.org visible
1537511424337	addons.xpi	DEBUG	Updating XPIState for {"id":"webcompat-reporter@mozilla.org","syncGUID":"{c43b542a-dc2f-a846-83db-2c817d7990dc}","version":"1.0.0","type":"extension","defaultLocale":{"name":"WebCompat Reporter","description":"Report site compatibility issues on webcompat.com."},"visible":true,"active":false,"userDisabled":false,"appDisabled":false,"installDate":1535651417000,"updateDate":1535651417000,"applyBackgroundUpdates":1,"path":"/Applications/Firefox.app/Contents/Resources/browser/features/webcompat-reporter@mozilla.org.xpi","skinnable":false,"sourceURI":null,"releaseNotesURI":null,"softDisabled":false,"foreignInstall":false,"strictCompatibility":false,"locales":[],"targetApplications":[{"id":"{ec8030f7-c20a-464f-9b0e-13a3a9e97384}","minVersion":"62.0","maxVersion":"62.*"}],"targetPlatforms":[],"seen":true,"dependencies":[],"hasEmbeddedWebExtension":false,"userPermissions":null,"icons":{},"blocklistState":0,"blocklistURL":null,"startupData":null,"location":"app-system-defaults"}
1537511424337	addons.manager	DEBUG	Registering startup change 'installed' for webcompat@mozilla.org
1537511424337	addons.xpi	DEBUG	Loading bootstrap scope from /Applications/Firefox.app/Contents/Resources/browser/features/webcompat@mozilla.org.xpi
1537511424339	addons.xpi	DEBUG	Calling bootstrap method install on webcompat@mozilla.org version 2.0
1537511424339	addons.xpi-utils	DEBUG	Make addon app-system-defaults:webcompat@mozilla.org visible
1537511424339	addons.xpi	DEBUG	Updating XPIState for {"id":"webcompat@mozilla.org","syncGUID":"{da61795d-36b4-9b46-ab56-6a403ed01ed7}","version":"2.0","type":"extension","defaultLocale":{"name":"Web Compat","description":"Urgent post-release fixes for web compatibility."},"visible":true,"active":false,"userDisabled":false,"appDisabled":false,"installDate":1535651418000,"updateDate":1535651418000,"applyBackgroundUpdates":1,"path":"/Applications/Firefox.app/Contents/Resources/browser/features/webcompat@mozilla.org.xpi","skinnable":false,"sourceURI":null,"releaseNotesURI":null,"softDisabled":false,"foreignInstall":false,"strictCompatibility":false,"locales":[],"targetApplications":[{"id":"{ec8030f7-c20a-464f-9b0e-13a3a9e97384}","minVersion":"62.0","maxVersion":"62.*"},{"id":"{aa3c5121-dab2-40e2-81ca-7ea25febc110}","minVersion":"62.0","maxVersion":"62.*"}],"targetPlatforms":[],"seen":true,"dependencies":[],"hasEmbeddedWebExtension":true,"userPermissions":null,"icons":{},"blocklistState":0,"blocklistURL":null,"startupData":null,"location":"app-system-defaults"}
1537511424339	addons.xpi	DEBUG	Updating XPIState for {"id":"activity-stream@mozilla.org","syncGUID":"{09530eaf-fc55-8743-822a-b4b2c19ef07b}","version":"2018.08.22.1219-93becf29","type":"extension","defaultLocale":{"name":"Activity Stream","description":"A rich visual history feed and a reimagined home page make it easier than ever to find exactly what you're looking for in Firefox."},"visible":true,"active":true,"userDisabled":false,"appDisabled":false,"installDate":1535651417000,"updateDate":1535651417000,"applyBackgroundUpdates":1,"path":"/Applications/Firefox.app/Contents/Resources/browser/features/activity-stream@mozilla.org.xpi","skinnable":false,"sourceURI":null,"releaseNotesURI":null,"softDisabled":false,"foreignInstall":false,"strictCompatibility":false,"locales":[],"targetApplications":[{"id":"{ec8030f7-c20a-464f-9b0e-13a3a9e97384}","minVersion":"62.0","maxVersion":"62.*"}],"targetPlatforms":[],"seen":true,"dependencies":[],"hasEmbeddedWebExtension":false,"userPermissions":null,"icons":{},"blocklistState":0,"blocklistURL":null,"startupData":null,"location":"app-system-defaults"}
1537511424340	addons.xpi	DEBUG	Updating XPIState for {"id":"aushelper@mozilla.org","syncGUID":"{b36af6a5-7c88-aa4e-9bb5-ec8a00c579b3}","version":"2.0","type":"extension","defaultLocale":{"name":"Application Update Service Helper","description":"Sets value(s) in the update url based on custom checks."},"visible":true,"active":true,"userDisabled":false,"appDisabled":false,"installDate":1535651417000,"updateDate":1535651417000,"applyBackgroundUpdates":1,"path":"/Applications/Firefox.app/Contents/Resources/browser/features/aushelper@mozilla.org.xpi","skinnable":false,"sourceURI":null,"releaseNotesURI":null,"softDisabled":false,"foreignInstall":false,"strictCompatibility":false,"locales":[],"targetApplications":[{"id":"{ec8030f7-c20a-464f-9b0e-13a3a9e97384}","minVersion":"62.0","maxVersion":"62.*"}],"targetPlatforms":[],"seen":true,"dependencies":[],"hasEmbeddedWebExtension":false,"userPermissions":null,"icons":{},"blocklistState":0,"blocklistURL":null,"startupData":null,"location":"app-system-defaults"}
1537511424340	addons.xpi	DEBUG	Updating XPIState for {"id":"firefox@getpocket.com","syncGUID":"{b23729f7-06a4-f14c-9052-4288f31eb878}","version":"1.0.5","type":"extension","defaultLocale":{"name":"Pocket","description":"When you find something you want to view later, put it in Pocket."},"visible":true,"active":true,"userDisabled":false,"appDisabled":false,"installDate":1535651417000,"updateDate":1535651417000,"applyBackgroundUpdates":1,"path":"/Applications/Firefox.app/Contents/Resources/browser/features/firefox@getpocket.com.xpi","skinnable":false,"sourceURI":null,"releaseNotesURI":null,"softDisabled":false,"foreignInstall":false,"strictCompatibility":false,"locales":[],"targetApplications":[{"id":"{ec8030f7-c20a-464f-9b0e-13a3a9e97384}","minVersion":"62.0","maxVersion":"62.*"}],"targetPlatforms":[],"seen":true,"dependencies":[],"hasEmbeddedWebExtension":false,"userPermissions":null,"icons":{},"blocklistState":0,"blocklistURL":null,"startupData":null,"location":"app-system-defaults"}
1537511424340	addons.xpi	DEBUG	Updating XPIState for {"id":"formautofill@mozilla.org","syncGUID":"{2d900975-e05c-234f-b29e-f100fc52cd02}","version":"1.0","type":"extension","defaultLocale":{"name":"Form Autofill","description":"Autofill forms with saved profiles"},"visible":true,"active":true,"userDisabled":false,"appDisabled":false,"installDate":1535651417000,"updateDate":1535651417000,"applyBackgroundUpdates":1,"path":"/Applications/Firefox.app/Contents/Resources/browser/features/formautofill@mozilla.org.xpi","skinnable":false,"sourceURI":null,"releaseNotesURI":null,"softDisabled":false,"foreignInstall":false,"strictCompatibility":false,"locales":[],"targetApplications":[{"id":"{ec8030f7-c20a-464f-9b0e-13a3a9e97384}","minVersion":"62.0","maxVersion":"62.*"}],"targetPlatforms":[],"seen":true,"dependencies":[],"hasEmbeddedWebExtension":false,"userPermissions":null,"icons":{},"blocklistState":0,"blocklistURL":null,"startupData":null,"location":"app-system-defaults"}
1537511424340	addons.xpi	DEBUG	Updating XPIState for {"id":"onboarding@mozilla.org","syncGUID":"{45401e49-e2b1-5d4c-a7fa-5b6a273436a8}","version":"1.0","type":"extension","defaultLocale":{"name":"Photon onboarding","description":"Photon onboarding"},"visible":true,"active":true,"userDisabled":false,"appDisabled":false,"installDate":1535651418000,"updateDate":1535651418000,"applyBackgroundUpdates":1,"path":"/Applications/Firefox.app/Contents/Resources/browser/features/onboarding@mozilla.org.xpi","skinnable":false,"sourceURI":null,"releaseNotesURI":null,"softDisabled":false,"foreignInstall":false,"strictCompatibility":false,"locales":[],"targetApplications":[{"id":"{ec8030f7-c20a-464f-9b0e-13a3a9e97384}","minVersion":"62.0","maxVersion":"62.*"}],"targetPlatforms":[],"seen":true,"dependencies":[],"hasEmbeddedWebExtension":false,"userPermissions":null,"icons":{},"blocklistState":0,"blocklistURL":null,"startupData":null,"location":"app-system-defaults"}
1537511424340	addons.xpi	DEBUG	Updating XPIState for {"id":"screenshots@mozilla.org","syncGUID":"{02c2eb36-80d4-ce45-b8de-9ee4e9a5ff6d}","version":"33.0.0","type":"extension","defaultLocale":{"name":"Firefox Screenshots","homepageURL":"https://screenshots.firefox.com/"},"visible":true,"active":true,"userDisabled":false,"appDisabled":false,"installDate":1535651418000,"updateDate":1535651418000,"applyBackgroundUpdates":1,"path":"/Applications/Firefox.app/Contents/Resources/browser/features/screenshots@mozilla.org.xpi","skinnable":false,"sourceURI":null,"releaseNotesURI":null,"softDisabled":false,"foreignInstall":false,"strictCompatibility":false,"locales":[],"targetApplications":[{"id":"{ec8030f7-c20a-464f-9b0e-13a3a9e97384}","minVersion":"57.0a1","maxVersion":"*"}],"targetPlatforms":[],"seen":true,"dependencies":[],"hasEmbeddedWebExtension":false,"userPermissions":null,"icons":{},"blocklistState":0,"blocklistURL":null,"startupData":null,"location":"app-system-defaults"}
1537511424340	addons.xpi	DEBUG	Updating XPIState for {"id":"webcompat-reporter@mozilla.org","syncGUID":"{c43b542a-dc2f-a846-83db-2c817d7990dc}","version":"1.0.0","type":"extension","defaultLocale":{"name":"WebCompat Reporter","description":"Report site compatibility issues on webcompat.com."},"visible":true,"active":true,"userDisabled":false,"appDisabled":false,"installDate":1535651417000,"updateDate":1535651417000,"applyBackgroundUpdates":1,"path":"/Applications/Firefox.app/Contents/Resources/browser/features/webcompat-reporter@mozilla.org.xpi","skinnable":false,"sourceURI":null,"releaseNotesURI":null,"softDisabled":false,"foreignInstall":false,"strictCompatibility":false,"locales":[],"targetApplications":[{"id":"{ec8030f7-c20a-464f-9b0e-13a3a9e97384}","minVersion":"62.0","maxVersion":"62.*"}],"targetPlatforms":[],"seen":true,"dependencies":[],"hasEmbeddedWebExtension":false,"userPermissions":null,"icons":{},"blocklistState":0,"blocklistURL":null,"startupData":null,"location":"app-system-defaults"}
1537511424340	addons.xpi	DEBUG	Updating XPIState for {"id":"webcompat@mozilla.org","syncGUID":"{da61795d-36b4-9b46-ab56-6a403ed01ed7}","version":"2.0","type":"extension","defaultLocale":{"name":"Web Compat","description":"Urgent post-release fixes for web compatibility."},"visible":true,"active":true,"userDisabled":false,"appDisabled":false,"installDate":1535651418000,"updateDate":1535651418000,"applyBackgroundUpdates":1,"path":"/Applications/Firefox.app/Contents/Resources/browser/features/webcompat@mozilla.org.xpi","skinnable":false,"sourceURI":null,"releaseNotesURI":null,"softDisabled":false,"foreignInstall":false,"strictCompatibility":false,"locales":[],"targetApplications":[{"id":"{ec8030f7-c20a-464f-9b0e-13a3a9e97384}","minVersion":"62.0","maxVersion":"62.*"},{"id":"{aa3c5121-dab2-40e2-81ca-7ea25febc110}","minVersion":"62.0","maxVersion":"62.*"}],"targetPlatforms":[],"seen":true,"dependencies":[],"hasEmbeddedWebExtension":true,"userPermissions":null,"icons":{},"blocklistState":0,"blocklistURL":null,"startupData":null,"location":"app-system-defaults"}
1537511424341	addons.xpi-utils	DEBUG	Updating add-on states
1537511424344	addons.xpi	DEBUG	Registering manifest for /Applications/Firefox.app/Contents/Resources/browser/features/activity-stream@mozilla.org.xpi
1537511424345	addons.xpi	DEBUG	Calling bootstrap method startup on activity-stream@mozilla.org version 2018.08.22.1219-93becf29
1537511424346	addons.xpi	DEBUG	Registering manifest for /Applications/Firefox.app/Contents/Resources/browser/features/aushelper@mozilla.org.xpi
1537511424346	addons.xpi	DEBUG	Calling bootstrap method startup on aushelper@mozilla.org version 2.0
1537511424346	addons.xpi	DEBUG	Registering manifest for /Applications/Firefox.app/Contents/Resources/browser/features/firefox@getpocket.com.xpi
1537511424347	addons.xpi	DEBUG	Calling bootstrap method startup on firefox@getpocket.com version 1.0.5
1537511424352	addons.xpi	DEBUG	Registering manifest for /Applications/Firefox.app/Contents/Resources/browser/features/formautofill@mozilla.org.xpi
1537511424353	addons.xpi	DEBUG	Calling bootstrap method startup on formautofill@mozilla.org version 1.0
1537511424353	addons.xpi	DEBUG	Registering manifest for /Applications/Firefox.app/Contents/Resources/browser/features/onboarding@mozilla.org.xpi
1537511424354	addons.xpi	DEBUG	Calling bootstrap method startup on onboarding@mozilla.org version 1.0
1537511424354	addons.xpi	DEBUG	Registering manifest for /Applications/Firefox.app/Contents/Resources/browser/features/screenshots@mozilla.org.xpi
1537511424354	addons.xpi	DEBUG	Calling bootstrap method startup on screenshots@mozilla.org version 33.0.0
1537511424355	addons.xpi	DEBUG	Registering manifest for /Applications/Firefox.app/Contents/Resources/browser/features/webcompat-reporter@mozilla.org.xpi
1537511424355	addons.xpi	DEBUG	Calling bootstrap method startup on webcompat-reporter@mozilla.org version 1.0.0
1537511424355	addons.xpi	DEBUG	Registering manifest for /Applications/Firefox.app/Contents/Resources/browser/features/webcompat@mozilla.org.xpi
1537511424356	addons.xpi	DEBUG	Calling bootstrap method startup on webcompat@mozilla.org version 2.0
1537511424358	addons.manager	DEBUG	Registering shutdown blocker for XPIProvider
1537511424358	addons.manager	DEBUG	Provider finished startup: XPIProvider
1537511424358	addons.manager	DEBUG	Starting provider: LightweightThemeManager
1537511424358	addons.manager	DEBUG	Registering shutdown blocker for LightweightThemeManager
1537511424359	addons.manager	DEBUG	Provider finished startup: LightweightThemeManager
1537511424359	addons.manager	DEBUG	Starting provider: GMPProvider
1537511424361	addons.manager	DEBUG	Registering shutdown blocker for GMPProvider
1537511424361	addons.manager	DEBUG	Provider finished startup: GMPProvider
1537511424361	addons.manager	DEBUG	Starting provider: PluginProvider
1537511424361	addons.manager	DEBUG	Registering shutdown blocker for PluginProvider
1537511424361	addons.manager	DEBUG	Provider finished startup: PluginProvider
1537511424362	addons.manager	DEBUG	Completed startup sequence
1537511424678	addons.repository	DEBUG	No addons.json found.
2018-09-21 14:30:25.312 plugin-container[5623:863445] *** CFMessagePort: bootstrap_register(): failed 1100 (0x44c) 'Permission denied', port = 0x873f, name = 'com.apple.tsm.portname'
See /usr/include/servers/bootstrap_defs.h for the error codes.
2018-09-21 14:30:25.798 plugin-container[5624:863469] *** CFMessagePort: bootstrap_register(): failed 1100 (0x44c) 'Permission denied', port = 0x8b3f, name = 'com.apple.tsm.portname'
See /usr/include/servers/bootstrap_defs.h for the error codes.
1537511426048	addons.xpi	DEBUG	Existing add-on activity-stream@mozilla.org in app-system-defaults
1537511426049	addons.xpi	DEBUG	Existing add-on aushelper@mozilla.org in app-system-defaults
1537511426049	addons.xpi	DEBUG	Existing add-on firefox@getpocket.com in app-system-defaults
1537511426049	addons.xpi	DEBUG	Existing add-on formautofill@mozilla.org in app-system-defaults
1537511426049	addons.xpi	DEBUG	Existing add-on onboarding@mozilla.org in app-system-defaults
1537511426049	addons.xpi	DEBUG	Existing add-on screenshots@mozilla.org in app-system-defaults
1537511426049	addons.xpi	DEBUG	Existing add-on webcompat-reporter@mozilla.org in app-system-defaults
1537511426049	addons.xpi	DEBUG	Existing add-on webcompat@mozilla.org in app-system-defaults
1537511426050	addons.xpi	DEBUG	scanForChanges changed: false, state: {}
1537511426352	Marionette	INFO	Listening on port 53270
1537511426390	Marionette	WARN	TLS certificate errors will be ignored for this session
1537511426464	Marionette	DEBUG	[4294967297] Frame script loaded
1537511426472	Marionette	DEBUG	[4294967297] Frame script registered
1537511426545	Marionette	DEBUG	[4294967297] Received DOM event beforeunload for about:blank
2018-09-21 14:30:26.579 plugin-container[5625:863621] *** CFMessagePort: bootstrap_register(): failed 1100 (0x44c) 'Permission denied', port = 0x8e3f, name = 'com.apple.tsm.portname'
See /usr/include/servers/bootstrap_defs.h for the error codes.
1537511426875	Marionette	DEBUG	[4294967297] Received DOM event pagehide for about:blank
JavaScript error: https://ss1.bdstatic.com/5eN1bjq8AAUYm2zgoY3K/r/www/cache/static/protocol/https/plugins/every_cookie_mac_82990d4.js, line 4: ReferenceError: c is not defined
1537511427372	Marionette	DEBUG	[4294967297] Received DOM event DOMContentLoaded for https://www.baidu.com/
1537511427479	Marionette	DEBUG	[4294967297] Received DOM event pageshow for https://www.baidu.com/
1537511827079	addons.manager	DEBUG	Background update check beginning
1537511827087	addons.xpi	INFO	Starting system add-on update check from https://aus5.mozilla.org/update/3/SystemAddons/62.0/20180830143136/Darwin_x86_64-gcc3/zh-CN/release-cck-mainOther-mozillaonline/Darwin%2017.7.0/MozillaOnline/2018.9/update.xml.
1537511827091	addons.productaddons	INFO	Updates are disabled via media.gmp-manager.updateEnabled
1537511827092	addons.xpi	INFO	Retaining existing updated system add-ons.
1537511827100	addons.manager	DEBUG	Background update check complete
1537511827118	addons.productaddons	INFO	Updates are disabled via media.gmp-manager.updateEnabled
1537513713946	addons.xpi	DEBUG	Calling bootstrap method shutdown on webcompat@mozilla.org version 2.0
1537513713948	addons.xpi	DEBUG	Calling bootstrap method shutdown on webcompat-reporter@mozilla.org version 1.0.0
1537513713948	addons.xpi	DEBUG	Calling bootstrap method shutdown on screenshots@mozilla.org version 33.0.0
1537513713956	addons.xpi	DEBUG	Calling bootstrap method shutdown on onboarding@mozilla.org version 1.0
1537513713957	addons.xpi	DEBUG	Calling bootstrap method shutdown on formautofill@mozilla.org version 1.0
1537513713957	addons.xpi	DEBUG	Calling bootstrap method shutdown on firefox@getpocket.com version 1.0.5
1537513713958	addons.xpi	DEBUG	Calling bootstrap method shutdown on aushelper@mozilla.org version 2.0
1537513713959	addons.xpi	DEBUG	Calling bootstrap method shutdown on activity-stream@mozilla.org version 2018.08.22.1219-93becf29
1537513714021	addons.manager	DEBUG	shutdown
1537513714021	addons.manager	DEBUG	Calling shutdown blocker for XPIProvider
1537513714022	addons.xpi	DEBUG	shutdown
1537513714023	addons.xpi-utils	DEBUG	shutdown
1537513714023	addons.manager	DEBUG	Calling shutdown blocker for LightweightThemeManager
1537513714023	addons.manager	DEBUG	Calling shutdown blocker for GMPProvider
1537513714024	addons.manager	DEBUG	Calling shutdown blocker for PluginProvider
1537513714030	addons.manager	DEBUG	Async provider shutdown done
1537513714081	Marionette	INFO	Stopped listening on port 53270
1537513716261	Marionette	INFO	Stopped listening on port 53180
